<?xml version="1.0" encoding="UTF-8"?>
<!-- Generated by org.testng.reporters.JUnitReportReporter -->
<testsuite skipped="0" hostname="DESKTOP-KJG83OT" name="runner.TestRunner" tests="6" failures="0" timestamp="2024-03-18T17:00:42 IST" time="0.181" errors="0">
  <testcase name="runScenario" time="0.011" classname="runner.TestRunner"/>
  <system-out/>
  <testcase name="runScenario" time="0.011" classname="runner.TestRunner"/>
  <system-out/>
  <testcase name="runScenario" time="0.011" classname="runner.TestRunner"/>
  <system-out/>
  <testcase name="runScenario" time="0.115" classname="runner.TestRunner"/>
  <system-out/>
  <testcase name="runScenario" time="0.012" classname="runner.TestRunner"/>
  <system-out/>
  <testcase name="runScenario" time="0.021" classname="runner.TestRunner"/>
  <system-out/>
</testsuite> <!-- runner.TestRunner -->
